<?xml version="1.0" encoding="UTF-8"?>
<testsuite xmlns:xsi="http://www.w3.org/2001/XMLSchema-instance" xsi:noNamespaceSchemaLocation="https://maven.apache.org/surefire/maven-surefire-plugin/xsd/surefire-test-report.xsd" version="3.0.1" name="org.anudip.AppTest" time="0.496" tests="8" errors="0" skipped="0" failures="0">
  <properties>
[...]
</properties>
  <testcase name="test1" classname="org.anudip.AppTest" time="0.13"/>
  <testcase name="test2" classname="org.anudip.AppTest" time="0.004"/>
  <testcase name="test3" classname="org.anudip.AppTest" time="0.003"/>
  <testcase name="test4" classname="org.anudip.AppTest" time="0.002"/>
  <testcase name="test5(int)[1]" classname="org.anudip.AppTest" time="0.041"/>
  <testcase name="test5(int)[2]" classname="org.anudip.AppTest" time="0.004"/>
  <testcase name="test6(int)[1]" classname="org.anudip.AppTest" time="0.004"/>
  <testcase name="test7(int)[1]" classname="org.anudip.AppTest" time="0.003"/>
</testsuite>